Copyright 1986-2019 Xilinx, Inc. All Rights Reserved.
-------------------------------------------------------------------------------------------------------------------------------------------------------
| Tool Version     : Vivado v.2019.1 (win64) Build 2552052 Fri May 24 14:49:42 MDT 2019
| Date             : Fri Sep 16 00:21:42 2022
| Host             : DESKTOP-Q2GL8O7 running 64-bit major release  (build 9200)
| Command          : report_power -file cpu_display_power_routed.rpt -pb cpu_display_power_summary_routed.pb -rpx cpu_display_power_routed.rpx
| Design           : cpu_display
| Device           : xc7a200tfbg676-2
| Design State     : routed
| Grade            : commercial
| Process          : typical
| Characterization : Production
-------------------------------------------------------------------------------------------------------------------------------------------------------

Power Report

Table of Contents
-----------------
1. Summary
1.1 On-Chip Components
1.2 Power Supply Summary
1.3 Confidence Level
2. Settings
2.1 Environment
2.2 Clock Constraints
3. Detailed Reports
3.1 By Hierarchy

1. Summary
----------

+--------------------------+----------------------------------+
| Total On-Chip Power (W)  | 94.419 (Junction temp exceeded!) |
| Design Power Budget (W)  | Unspecified*                     |
| Power Budget Margin (W)  | NA                               |
| Dynamic (W)              | 92.737                           |
| Device Static (W)        | 1.682                            |
| Effective TJA (C/W)      | 1.9                              |
| Max Ambient (C)          | 0.0                              |
| Junction Temperature (C) | 125.0                            |
| Confidence Level         | Low                              |
| Setting File             | ---                              |
| Simulation Activity File | ---                              |
| Design Nets Matched      | NA                               |
+--------------------------+----------------------------------+
* Specify Design Power Budget using, set_operating_conditions -design_power_budget <value in Watts>


1.1 On-Chip Components
----------------------

+--------------------------+-----------+----------+-----------+-----------------+
| On-Chip                  | Power (W) | Used     | Available | Utilization (%) |
+--------------------------+-----------+----------+-----------+-----------------+
| Slice Logic              |    22.425 |     5731 |       --- |             --- |
|   LUT as Logic           |    20.809 |     3076 |    133800 |            2.30 |
|   LUT as Distributed RAM |     0.864 |      128 |     46200 |            0.28 |
|   F7/F8 Muxes            |     0.361 |      479 |    133800 |            0.36 |
|   Register               |     0.258 |     1528 |    267600 |            0.57 |
|   CARRY4                 |     0.075 |       14 |     33450 |            0.04 |
|   BUFG                   |     0.058 |        3 |        32 |            9.38 |
|   Others                 |     0.000 |       25 |       --- |             --- |
| Signals                  |    25.711 |     3542 |       --- |             --- |
| Block RAM                |     0.129 |        1 |       365 |            0.27 |
| I/O                      |    44.472 |       29 |       400 |            7.25 |
| Static Power             |     1.682 |          |           |                 |
| Total                    |    94.419 |          |           |                 |
+--------------------------+-----------+----------+-----------+-----------------+


1.2 Power Supply Summary
------------------------

+-----------+-------------+-----------+-------------+------------+
| Source    | Voltage (V) | Total (A) | Dynamic (A) | Static (A) |
+-----------+-------------+-----------+-------------+------------+
| Vccint    |       1.000 |    49.473 |      48.263 |      1.211 |
| Vccaux    |       1.800 |     1.835 |       1.629 |      0.206 |
| Vcco33    |       3.300 |    12.590 |      12.585 |      0.005 |
| Vcco25    |       2.500 |     0.000 |       0.000 |      0.000 |
| Vcco18    |       1.800 |     0.000 |       0.000 |      0.000 |
| Vcco15    |       1.500 |     0.000 |       0.000 |      0.000 |
| Vcco135   |       1.350 |     0.000 |       0.000 |      0.000 |
| Vcco12    |       1.200 |     0.000 |       0.000 |      0.000 |
| Vccaux_io |       1.800 |     0.000 |       0.000 |      0.000 |
| Vccbram   |       1.000 |     0.059 |       0.010 |      0.049 |
| MGTAVcc   |       1.000 |     0.000 |       0.000 |      0.000 |
| MGTAVtt   |       1.200 |     0.000 |       0.000 |      0.000 |
| Vccadc    |       1.800 |     0.020 |       0.000 |      0.020 |
+-----------+-------------+-----------+-------------+------------+


1.3 Confidence Level
--------------------

+-----------------------------+------------+--------------------------------------------------------+--------------------------------------------------------------------------------------------------------------------+
| User Input Data             | Confidence | Details                                                | Action                                                                                                             |
+-----------------------------+------------+--------------------------------------------------------+--------------------------------------------------------------------------------------------------------------------+
| Design implementation state | High       | Design is routed                                       |                                                                                                                    |
| Clock nodes activity        | Low        | User specified less than 75% of clocks                 | Provide missing clock activity with a constraint file, simulation results or by editing the "By Clock Domain" view |
| I/O nodes activity          | Low        | More than 75% of inputs are missing user specification | Provide missing input activity with simulation results or by editing the "By Resource Type -> I/Os" view           |
| Internal nodes activity     | Medium     | User specified less than 25% of internal nodes         | Provide missing internal nodes activity with simulation results or by editing the "By Resource Type" views         |
| Device models               | High       | Device models are Production                           |                                                                                                                    |
|                             |            |                                                        |                                                                                                                    |
| Overall confidence level    | Low        |                                                        |                                                                                                                    |
+-----------------------------+------------+--------------------------------------------------------+--------------------------------------------------------------------------------------------------------------------+


2. Settings
-----------

2.1 Environment
---------------

+-----------------------+--------------------------+
| Ambient Temp (C)      | 25.0                     |
| ThetaJA (C/W)         | 1.9                      |
| Airflow (LFM)         | 250                      |
| Heat Sink             | medium (Medium Profile)  |
| ThetaSA (C/W)         | 3.4                      |
| Board Selection       | medium (10"x10")         |
| # of Board Layers     | 12to15 (12 to 15 Layers) |
| Board Temperature (C) | 25.0                     |
+-----------------------+--------------------------+


2.2 Clock Constraints
---------------------

+-------+--------+-----------------+
| Clock | Domain | Constraint (ns) |
+-------+--------+-----------------+


3. Detailed Reports
-------------------

3.1 By Hierarchy
----------------

+---------------------------+-----------+
| Name                      | Power (W) |
+---------------------------+-----------+
| cpu_display               |    92.737 |
|   CPU_for_display         |    45.047 |
|     ALU                   |     0.243 |
|     CU                    |     0.683 |
|     DR                    |     0.212 |
|     IR                    |    33.763 |
|     MEMORY                |     1.521 |
|       mem_reg_0_255_0_0   |     0.045 |
|       mem_reg_0_255_10_10 |     0.051 |
|       mem_reg_0_255_11_11 |     0.055 |
|       mem_reg_0_255_12_12 |     0.052 |
|       mem_reg_0_255_13_13 |     0.053 |
|       mem_reg_0_255_14_14 |     0.049 |
|       mem_reg_0_255_15_15 |     0.053 |
|       mem_reg_0_255_16_16 |     0.048 |
|       mem_reg_0_255_17_17 |     0.051 |
|       mem_reg_0_255_18_18 |     0.048 |
|       mem_reg_0_255_19_19 |     0.047 |
|       mem_reg_0_255_1_1   |     0.047 |
|       mem_reg_0_255_20_20 |     0.047 |
|       mem_reg_0_255_21_21 |     0.055 |
|       mem_reg_0_255_22_22 |     0.050 |
|       mem_reg_0_255_23_23 |     0.052 |
|       mem_reg_0_255_24_24 |     0.052 |
|       mem_reg_0_255_25_25 |     0.046 |
|       mem_reg_0_255_26_26 |     0.043 |
|       mem_reg_0_255_27_27 |     0.047 |
|       mem_reg_0_255_28_28 |     0.052 |
|       mem_reg_0_255_29_29 |     0.051 |
|       mem_reg_0_255_2_2   |     0.043 |
|       mem_reg_0_255_30_30 |     0.038 |
|       mem_reg_0_255_31_31 |     0.043 |
|       mem_reg_0_255_3_3   |     0.040 |
|       mem_reg_0_255_4_4   |     0.049 |
|       mem_reg_0_255_5_5   |     0.049 |
|       mem_reg_0_255_6_6   |     0.047 |
|       mem_reg_0_255_7_7   |     0.042 |
|       mem_reg_0_255_8_8   |     0.041 |
|       mem_reg_0_255_9_9   |     0.036 |
|     PC                    |     1.079 |
|     REGA                  |     0.447 |
|     REGB                  |     0.739 |
|     REGC                  |     1.702 |
|     REG_FILE              |     4.659 |
|   lcd_module              |    47.354 |
|     lcd_draw_module       |     0.953 |
|     lcd_init_module       |     0.603 |
|     lcd_rom_module        |     0.393 |
|       U0                  |     0.393 |
|     touch_module          |     0.284 |
|       sda_io              |     0.036 |
+---------------------------+-----------+


